This is pdfTeX, Version 3.1415926-2.5-1.40.14 (TeX Live 2013/Debian) (format=pdflatex 2014.10.27)  16 DEC 2014 19:26
entering extended mode
 restricted \write18 enabled.
 %&-line parsing enabled.
**template.tex
(./template.tex
LaTeX2e <2011/06/27>
Babel <3.9h> and hyphenation patterns for 78 languages loaded.
(./template.cls (/usr/share/texlive/texmf-dist/tex/latex/graphics/epsfig.sty
Package: epsfig 1999/02/16 v1.7a (e)psfig emulation (SPQR)

(/usr/share/texlive/texmf-dist/tex/latex/graphics/graphicx.sty
Package: graphicx 1999/02/16 v1.0f Enhanced LaTeX Graphics (DPC,SPQR)

(/usr/share/texlive/texmf-dist/tex/latex/graphics/keyval.sty
Package: keyval 1999/03/16 v1.13 key=value parser (DPC)
\KV@toks@=\toks14
)
(/usr/share/texlive/texmf-dist/tex/latex/graphics/graphics.sty
Package: graphics 2009/02/05 v1.0o Standard LaTeX Graphics (DPC,SPQR)

(/usr/share/texlive/texmf-dist/tex/latex/graphics/trig.sty
Package: trig 1999/03/16 v1.09 sin cos tan (DPC)
)
(/usr/share/texlive/texmf-dist/tex/latex/latexconfig/graphics.cfg
File: graphics.cfg 2010/04/23 v1.9 graphics configuration of TeX Live
)
Package graphics Info: Driver file: pdftex.def on input line 91.

(/usr/share/texlive/texmf-dist/tex/latex/pdftex-def/pdftex.def
File: pdftex.def 2011/05/27 v0.06d Graphics/color for pdfTeX

(/usr/share/texlive/texmf-dist/tex/generic/oberdiek/infwarerr.sty
Package: infwarerr 2010/04/08 v1.3 Providing info/warning/error messages (HO)
)
(/usr/share/texlive/texmf-dist/tex/generic/oberdiek/ltxcmds.sty
Package: ltxcmds 2011/11/09 v1.22 LaTeX kernel commands for general use (HO)
)
\Gread@gobject=\count79
))
\Gin@req@height=\dimen102
\Gin@req@width=\dimen103
)
\epsfxsize=\dimen104
\epsfysize=\dimen105
)
(/usr/share/texlive/texmf-dist/tex/latex/amsfonts/amssymb.sty
Package: amssymb 2013/01/14 v3.01 AMS font symbols

(/usr/share/texlive/texmf-dist/tex/latex/amsfonts/amsfonts.sty
Package: amsfonts 2013/01/14 v3.01 Basic AMSFonts support
\@emptytoks=\toks15
\symAMSa=\mathgroup4
\symAMSb=\mathgroup5
LaTeX Font Info:    Overwriting math alphabet `\mathfrak' in version `bold'
(Font)                  U/euf/m/n --> U/euf/b/n on input line 106.
))
(/usr/share/texlive/texmf-dist/tex/latex/amsmath/amsmath.sty
Package: amsmath 2013/01/14 v2.14 AMS math features
\@mathmargin=\skip41

For additional information on amsmath, use the `?' option.
(/usr/share/texlive/texmf-dist/tex/latex/amsmath/amstext.sty
Package: amstext 2000/06/29 v2.01

(/usr/share/texlive/texmf-dist/tex/latex/amsmath/amsgen.sty
File: amsgen.sty 1999/11/30 v2.0
\@emptytoks=\toks16
\ex@=\dimen106
))
(/usr/share/texlive/texmf-dist/tex/latex/amsmath/amsbsy.sty
Package: amsbsy 1999/11/29 v1.2d
\pmbraise@=\dimen107
)
(/usr/share/texlive/texmf-dist/tex/latex/amsmath/amsopn.sty
Package: amsopn 1999/12/14 v2.01 operator names
)
\inf@bad=\count80
LaTeX Info: Redefining \frac on input line 210.
\uproot@=\count81
\leftroot@=\count82
LaTeX Info: Redefining \overline on input line 306.
\classnum@=\count83
\DOTSCASE@=\count84
LaTeX Info: Redefining \ldots on input line 378.
LaTeX Info: Redefining \dots on input line 381.
LaTeX Info: Redefining \cdots on input line 466.
\Mathstrutbox@=\box26
\strutbox@=\box27
\big@size=\dimen108
LaTeX Font Info:    Redeclaring font encoding OML on input line 566.
LaTeX Font Info:    Redeclaring font encoding OMS on input line 567.
\macc@depth=\count85
\c@MaxMatrixCols=\count86
\dotsspace@=\muskip10
\c@parentequation=\count87
\dspbrk@lvl=\count88
\tag@help=\toks17
\row@=\count89
\column@=\count90
\maxfields@=\count91
\andhelp@=\toks18
\eqnshift@=\dimen109
\alignsep@=\dimen110
\tagshift@=\dimen111
\tagwidth@=\dimen112
\totwidth@=\dimen113
\lineht@=\dimen114
\@envbody=\toks19
\multlinegap=\skip42
\multlinetaggap=\skip43
\mathdisplay@stack=\toks20
LaTeX Info: Redefining \[ on input line 2665.
LaTeX Info: Redefining \] on input line 2666.
)
Document Class 'sig-alternate' <23rd. May '12>. Modified by G.K.M. Tobin/Gerry 
Murray
Based in part upon document Style `acmconf' <22 May 89>. Hacked 4/91 by
shivers@cs.cmu.edu, 4/93 by theobald@cs.mcgill.ca
Excerpts were taken from (Journal Style) 'esub2acm.cls'.
****** Bugs/comments/suggestions/technicalities to Gerry Murray -- murray@hq.ac
m.org ******
Questions on the style, SIGS policies, etc. to Adrienne Griscti griscti@acm.org

\footheight=\dimen115
\@maxsep=\dimen116
\@dblmaxsep=\dimen117
\aucount=\count92
\originalaucount=\count93
\auwidth=\dimen118
\auskip=\dimen119
\auskipcount=\count94
\auskip=\dimen120
\allauboxes=\dimen121
\addauthors=\toks21
\addauflag=\count95
\subtitletext=\toks22
\savesection=\count96
\sectioncntr=\count97
\c@figure=\count98
\c@table=\count99
\titleboxnotes=\toks23
\titleboxnoteflag=\count100

LaTeX Warning: You have requested document class `template',
               but the document class provides `sig-alternate'.

Document Class: sig-alternate 2012/05/23 - V2.5 - based on acmproc.cls V1.3 <No
v. 30 '99>
(/usr/share/texlive/texmf-dist/tex/latex/base/latexsym.sty
Package: latexsym 1998/08/17 v2.2e Standard LaTeX package (lasy symbols)
\symlasy=\mathgroup6
LaTeX Font Info:    Overwriting symbol font `lasy' in version `bold'
(Font)                  U/lasy/m/n --> U/lasy/b/n on input line 47.
)
\@acmtitlebox=\box28
\titlenotecount=\count101
\tntoks=\toks24
\tntokstwo=\toks25
\tntoksthree=\toks26
\tntoksfour=\toks27
\tntoksfive=\toks28
\catcount=\count102
\copyrightnotice=\toks29
\conf=\toks30
\confinfo=\toks31
\c@part=\count103
\c@section=\count104
\c@subsection=\count105
\c@subsubsection=\count106
\c@paragraph=\count107

Using 'Abbrev' bibliography style
LaTeX Info: Redefining \cite on input line 1211.
\bibindent=\dimen122
\colcntr=\count108
\saveb@x=\box29
\copyrtyr=\toks32
\acmcopyr=\toks33
\boilerplate=\toks34
\copyrightetc=\toks35
(/usr/share/texlive/texmf-dist/tex/latex/base/fontenc.sty
Package: fontenc 2005/09/27 v1.99g Standard LaTeX package

(/usr/share/texlive/texmf-dist/tex/latex/base/t1enc.def
File: t1enc.def 2005/09/27 v1.99g Standard LaTeX file
LaTeX Font Info:    Redeclaring font encoding T1 on input line 43.
)
LaTeX Font Info:    Try loading font information for T1+aer on input line 100.

(/usr/share/texlive/texmf-dist/tex/latex/ae/t1aer.fd
File: t1aer.fd 1997/11/16 Font definitions for T1/aer.
)))
(/usr/share/texlive/texmf-dist/tex/latex/base/inputenc.sty
Package: inputenc 2008/03/30 v1.1d Input encoding file
\inpenc@prehook=\toks36
\inpenc@posthook=\toks37

(/usr/share/texlive/texmf-dist/tex/latex/ucs/utf8x.def
File: utf8x.def 2004/10/17 UCS: Input encoding UTF-8
))
(/usr/share/texlive/texmf-dist/tex/latex/ucs/ucs.sty
Package: ucs 2013/05/11 v2.2 UCS: Unicode input support

(/usr/share/texlive/texmf-dist/tex/latex/ucs/data/uni-global.def
File: uni-global.def 2013/05/13 UCS: Unicode global data
)
\uc@secondtry=\count109
\uc@combtoks=\toks38
\uc@combtoksb=\toks39
\uc@temptokena=\toks40
)
\@input{listing_packets.aux}
\openout2 = `listing_packets.aux'.

(./listing_packets.tex (/usr/share/texmf/tex/latex/xcolor/xcolor.sty
Package: xcolor 2007/01/21 v2.11 LaTeX color extensions (UK)

(/usr/share/texlive/texmf-dist/tex/latex/latexconfig/color.cfg
File: color.cfg 2007/01/18 v1.5 color configuration of teTeX/TeXLive
)
Package xcolor Info: Driver file: pdftex.def on input line 225.

(/usr/share/texlive/texmf-dist/tex/latex/colortbl/colortbl.sty
Package: colortbl 2012/02/13 v1.0a Color table columns (DPC)

(/usr/share/texlive/texmf-dist/tex/latex/tools/array.sty
Package: array 2008/09/09 v2.4c Tabular extension package (FMi)
\col@sep=\dimen123
\extrarowheight=\dimen124
\NC@list=\toks41
\extratabsurround=\skip44
\backup@length=\skip45
)
\everycr=\toks42
\minrowclearance=\skip46
)
\rownum=\count110
Package xcolor Info: Model `cmy' substituted by `cmy0' on input line 1337.
Package xcolor Info: Model `hsb' substituted by `rgb' on input line 1341.
Package xcolor Info: Model `RGB' extended on input line 1353.
Package xcolor Info: Model `HTML' substituted by `rgb' on input line 1355.
Package xcolor Info: Model `Hsb' substituted by `hsb' on input line 1356.
Package xcolor Info: Model `tHsb' substituted by `hsb' on input line 1357.
Package xcolor Info: Model `HSB' substituted by `hsb' on input line 1358.
Package xcolor Info: Model `Gray' substituted by `gray' on input line 1359.
Package xcolor Info: Model `wave' substituted by `hsb' on input line 1360.
)
(/usr/share/texlive/texmf-dist/tex/latex/listings/listings.sty
\lst@mode=\count111
\lst@gtempboxa=\box30
\lst@token=\toks43
\lst@length=\count112
\lst@currlwidth=\dimen125
\lst@column=\count113
\lst@pos=\count114
\lst@lostspace=\dimen126
\lst@width=\dimen127
\lst@newlines=\count115
\lst@lineno=\count116
\abovecaptionskip=\skip47
\belowcaptionskip=\skip48
\lst@maxwidth=\dimen128

(/usr/share/texlive/texmf-dist/tex/latex/listings/lstmisc.sty
File: lstmisc.sty 2013/08/26 1.5b (Carsten Heinz)
\c@lstnumber=\count117
\lst@skipnumbers=\count118
\lst@framebox=\box31
)
(/usr/share/texlive/texmf-dist/tex/latex/listings/listings.cfg
File: listings.cfg 2013/08/26 1.5b listings configuration
))
Package: listings 2013/08/26 1.5b (Carsten Heinz)

(/usr/share/texlive/texmf-dist/tex/latex/listings/lstlang1.sty
File: lstlang1.sty 2013/08/26 1.5b listings language file
)
(/usr/share/texlive/texmf-dist/tex/latex/listings/lstmisc.sty
File: lstmisc.sty 2013/08/26 1.5b (Carsten Heinz)
)) (./template.aux)
\openout1 = `template.aux'.

LaTeX Font Info:    Checking defaults for OML/cmm/m/it on input line 52.
LaTeX Font Info:    ... okay on input line 52.
LaTeX Font Info:    Checking defaults for T1/cmr/m/n on input line 52.
LaTeX Font Info:    ... okay on input line 52.
LaTeX Font Info:    Checking defaults for OT1/cmr/m/n on input line 52.
LaTeX Font Info:    ... okay on input line 52.
LaTeX Font Info:    Checking defaults for OMS/cmsy/m/n on input line 52.
LaTeX Font Info:    ... okay on input line 52.
LaTeX Font Info:    Checking defaults for OMX/cmex/m/n on input line 52.
LaTeX Font Info:    ... okay on input line 52.
LaTeX Font Info:    Checking defaults for U/cmr/m/n on input line 52.
LaTeX Font Info:    ... okay on input line 52.
 (/usr/share/texlive/texmf-dist/tex/context/base/supp-pdf.mkii
[Loading MPS to PDF converter (version 2006.09.02).]
\scratchcounter=\count119
\scratchdimen=\dimen129
\scratchbox=\box32
\nofMPsegments=\count120
\nofMParguments=\count121
\everyMPshowfont=\toks44
\MPscratchCnt=\count122
\MPscratchDim=\dimen130
\MPnumerator=\count123
\makeMPintoPDFobject=\count124
\everyMPtoPDFconversion=\toks45
) (/usr/share/texlive/texmf-dist/tex/generic/oberdiek/pdftexcmds.sty
Package: pdftexcmds 2011/11/29 v0.20 Utility functions of pdfTeX for LuaTeX (HO
)

(/usr/share/texlive/texmf-dist/tex/generic/oberdiek/ifluatex.sty
Package: ifluatex 2010/03/01 v1.3 Provides the ifluatex switch (HO)
Package ifluatex Info: LuaTeX not detected.
)
(/usr/share/texlive/texmf-dist/tex/generic/oberdiek/ifpdf.sty
Package: ifpdf 2011/01/30 v2.3 Provides the ifpdf switch (HO)
Package ifpdf Info: pdfTeX in PDF mode is detected.
)
Package pdftexcmds Info: LuaTeX not detected.
Package pdftexcmds Info: \pdf@primitive is available.
Package pdftexcmds Info: \pdf@ifprimitive is available.
Package pdftexcmds Info: \pdfdraftmode found.
)
(/usr/share/texlive/texmf-dist/tex/latex/oberdiek/epstopdf-base.sty
Package: epstopdf-base 2010/02/09 v2.5 Base part for package epstopdf

(/usr/share/texlive/texmf-dist/tex/latex/oberdiek/grfext.sty
Package: grfext 2010/08/19 v1.1 Manage graphics extensions (HO)

(/usr/share/texlive/texmf-dist/tex/generic/oberdiek/kvdefinekeys.sty
Package: kvdefinekeys 2011/04/07 v1.3 Define keys (HO)
))
(/usr/share/texlive/texmf-dist/tex/latex/oberdiek/kvoptions.sty
Package: kvoptions 2011/06/30 v3.11 Key value format for package options (HO)

(/usr/share/texlive/texmf-dist/tex/generic/oberdiek/kvsetkeys.sty
Package: kvsetkeys 2012/04/25 v1.16 Key value parser (HO)

(/usr/share/texlive/texmf-dist/tex/generic/oberdiek/etexcmds.sty
Package: etexcmds 2011/02/16 v1.5 Avoid name clashes with e-TeX commands (HO)
Package etexcmds Info: Could not find \expanded.
(etexcmds)             That can mean that you are not using pdfTeX 1.50 or
(etexcmds)             that some package has redefined \expanded.
(etexcmds)             In the latter case, load this package earlier.
)))
Package grfext Info: Graphics extension search list:
(grfext)             [.png,.pdf,.jpg,.mps,.jpeg,.jbig2,.jb2,.PNG,.PDF,.JPG,.JPE
G,.JBIG2,.JB2,.eps]
(grfext)             \AppendGraphicsExtensions on input line 452.

(/usr/share/texlive/texmf-dist/tex/latex/latexconfig/epstopdf-sys.cfg
File: epstopdf-sys.cfg 2010/07/13 v1.3 Configuration of (r)epstopdf for TeX Liv
e
))
(/usr/share/texlive/texmf-dist/tex/latex/ucs/ucsencs.def
File: ucsencs.def 2011/01/21 Fixes to fontencodings LGR, T3
)
\c@lstlisting=\count125
LaTeX Font Info:    Try loading font information for U+msa on input line 150.

(/usr/share/texlive/texmf-dist/tex/latex/amsfonts/umsa.fd
File: umsa.fd 2013/01/14 v3.01 AMS symbols A
)
LaTeX Font Info:    Try loading font information for U+msb on input line 150.

(/usr/share/texlive/texmf-dist/tex/latex/amsfonts/umsb.fd
File: umsb.fd 2013/01/14 v3.01 AMS symbols B
)
LaTeX Font Info:    Try loading font information for U+lasy on input line 150.

(/usr/share/texlive/texmf-dist/tex/latex/base/ulasy.fd
File: ulasy.fd 1998/08/17 v2.2e LaTeX symbol font definitions
)
(/usr/share/texlive/texmf-dist/tex/latex/ucs/data/uni-0.def
File: uni-0.def 2013/05/13 UCS: Unicode data U+0000..U+00FF
)
Overfull \hbox (1.65202pt too wide) in paragraph at lines 173--178
[]\T1/aer/m/n/9 UDP, welches im RFC 768 beschrieben ist, wird seit Jahren
 []


Overfull \hbox (1.73329pt too wide) in paragraph at lines 173--178
\T1/aer/m/n/9 di-en-ste, Videokom-mu-nika-tion und Echtzeitüber-tra-gung. Der
 []


Underfull \hbox (badness 10000) in paragraph at lines 173--178

 []


Overfull \hbox (6.33394pt too wide) in paragraph at lines 210--216
\T1/aer/m/n/9 Pay-load zu be-han-deln und nüt-zliche In-for-ma-tio-nen aus dies
em
 []


Underfull \hbox (badness 10000) in paragraph at lines 210--216

 []


Overfull \hbox (2.50764pt too wide) in paragraph at lines 217--223
[]\T1/aer/m/n/9 In dem Teil, in welchem eine Fehlerüber-prü-fung stat-tfinden
 []


Overfull \hbox (7.33336pt too wide) in paragraph at lines 217--223
\T1/aer/m/n/9 Pa-ram-e-ter des Pay-loads beim Empfänger richtig in-ter-pretiere
n
 []


Underfull \hbox (badness 10000) in paragraph at lines 217--223

 []


Underfull \hbox (badness 10000) in paragraph at lines 224--230

 []


Underfull \hbox (badness 10000) in paragraph at lines 231--233

 []

[1{/var/lib/texmf/fonts/map/pdftex/updmap/pdftex.map}




]
Underfull \hbox (badness 10000) in paragraph at lines 235--236

 []


Overfull \hbox (1.15718pt too wide) in paragraph at lines 247--252
\T1/aer/m/n/9 höhere Sicher-heit für sen-si-ble Daten gewährleis-tet, was durch

 []


Underfull \hbox (badness 10000) in paragraph at lines 247--252

 []


Underfull \hbox (badness 10000) in paragraph at lines 253--257

 []

LaTeX Font Info:    Try loading font information for T1+aett on input line 262.

(/usr/share/texlive/texmf-dist/tex/latex/ae/t1aett.fd
File: t1aett.fd 1997/11/16 Font definitions for T1/aett.
)
Overfull \hbox (3.5608pt too wide) in paragraph at lines 278--283
\T1/aer/m/n/9 Hin-sicht, dass das Length-Feld mit einem Cecksum-Coverage-
 []


Underfull \hbox (badness 10000) in paragraph at lines 278--283

 []


Underfull \hbox (badness 10000) in paragraph at lines 286--290

 []


Overfull \hbox (10.91573pt too wide) in paragraph at lines 291--301
[]\T1/aer/m/n/9 Der Header muss dabei im-mer mit einer Prüf-summe gesichert
 []


Overfull \hbox (4.5143pt too wide) in paragraph at lines 291--301
\T1/aer/m/n/9 gröÿere Prüf-sum-men-länge als der IP-Header an-nehmen, eben-
 []


Underfull \hbox (badness 10000) in paragraph at lines 291--301

 []


Overfull \hbox (6.45187pt too wide) in paragraph at lines 302--309
[]\T1/aer/m/n/9 Da das Prüf-sum-men-feld ein 16-Bit-Komplement der Summe
 []


Overfull \hbox (6.28726pt too wide) in paragraph at lines 302--309
\T1/aer/m/n/9 berech-net wird, muss das Prüf-sum-men-feld je-doch auf 0 gesetzt

 []


Overfull \hbox (6.748pt too wide) in paragraph at lines 302--309
\T1/aer/m/n/9 wer-den. Sollte nach der Berech-nung die Prüf-summe 0 ergeben,
 []


Underfull \hbox (badness 10000) in paragraph at lines 302--309

 []


Overfull \hbox (9.7815pt too wide) in paragraph at lines 310--315
[]\T1/aer/m/n/9 Da manche An-wen-dun-gen die UDP-Lite be-nutzen möglicher-
 []


Overfull \hbox (4.13776pt too wide) in paragraph at lines 310--315
\T1/aer/m/n/9 nicht mit ein-beziehen zu müssen. Dadurch wird sichergestellt,
 []


Underfull \hbox (badness 10000) in paragraph at lines 310--315

 []


Underfull \hbox (badness 10000) in paragraph at lines 319--327

 []


Underfull \hbox (badness 10000) in paragraph at lines 331--337

 []


Underfull \hbox (badness 10000) in paragraph at lines 338--347

 []


Overfull \hbox (3.26378pt too wide) in paragraph at lines 348--355
\T1/aer/m/n/9 nah-men der Fehler in einem UDP-Lite-Paket machen, solange
 []


Underfull \hbox (badness 10000) in paragraph at lines 348--355

 []

[2]
Underfull \hbox (badness 10000) in paragraph at lines 359--366

 []


Underfull \hbox (badness 10000) in paragraph at lines 370--375

 []


Overfull \hbox (17.19537pt too wide) in paragraph at lines 379--390
[]\T1/aer/m/n/9 Frames, die UDP-Lite-Pakete en-thal-ten dür-fen von niedrigeren

 []


Overfull \hbox (1.40053pt too wide) in paragraph at lines 379--390
\T1/aer/m/n/9 Das Prüf-sum-men-län-gen-feld kön-nte für Verbindun-gen, welche
 []


Underfull \hbox (badness 10000) in paragraph at lines 379--390

 []


Underfull \hbox (badness 10000) in paragraph at lines 391--394

 []


Underfull \hbox (badness 10000) in paragraph at lines 395--400

 []


Underfull \hbox (badness 10000) in paragraph at lines 404--409

 []


Overfull \hbox (2.68047pt too wide) in paragraph at lines 410--416
[]\T1/aer/m/n/9 UDP-Lite hat eine eigene IP-Protokoll-Identifikation (136),
 []


Overfull \hbox (7.8987pt too wide) in paragraph at lines 421--427
\T1/aer/m/n/9 fen wird und UDP-Pakete, welche nur teil-weise den IP-Payload
 []


Overfull \hbox (6.81085pt too wide) in paragraph at lines 421--427
\T1/aer/m/n/9 den kön-nen. Das Prob-lem dabei wäre die fehlende Be-nachrich-
 []


Overfull \hbox (3.3552pt too wide) in paragraph at lines 428--431
[]\T1/aer/m/n/9 Explizite Nutzung der Sig-nal-isierung in-ner-halb des Pay-
 []


Overfull \hbox (1.89754pt too wide) in paragraph at lines 428--431
\T1/aer/m/n/9 dem Sender das Erken-nen der UDP-Lite-Unterstützung
 []


Overfull \hbox (13.69427pt too wide) in paragraph at lines 436--438
[]\T1/aer/m/n/9 Da je-doch UDP-Lite eine eigene Iden-ti-fika-tion be-sitzt, müs
sen
 []


Underfull \hbox (badness 10000) in paragraph at lines 442--452

 []


Overfull \hbox (14.02884pt too wide) in paragraph at lines 453--461
[]\T1/aer/m/n/9 Stattdessen kann eine Ver-schlüs-selung in der Trans-portschich
t
 []


Overfull \hbox (1.5533pt too wide) in paragraph at lines 453--461
\T1/aer/m/n/9 oder auf An-wen-dungsebene ange-wandt wer-den, je-doch haben
 []


Overfull \hbox (16.82549pt too wide) in paragraph at lines 453--461
\T1/aer/m/n/9 Ver-schlüs-selungsver-fahren, (beson-ders Block-basierte) die Eig
en-
 []


Overfull \hbox (15.20764pt too wide) in paragraph at lines 453--461
\T1/aer/m/n/9 den ver-schlüs-sel-ten Pay-load voll-ständig entschlüs-seln zu mü
ssen. 
 []


Underfull \hbox (badness 10000) in paragraph at lines 453--461

 []


Overfull \hbox (9.92265pt too wide) in paragraph at lines 466--470
\T1/aer/m/n/9 beson-ders diejeni-gen, die ein Minus-Zeichen nicht un-ter-stütze
n. 
 []


Overfull \hbox (2.59888pt too wide) in paragraph at lines 491--499
\T1/aer/m/n/9 Fehler-fall einen un-gle-ich groÿen Nutzen. De-shalb sollte UDP-
 []


Overfull \hbox (1.69933pt too wide) in paragraph at lines 491--499
\T1/aer/m/n/9 Lite für vorher-sag-bar schlechte Verbindun-gen ver-wen-det wer-
 []

[3] (./template.bbl) [4

] (./template.aux) ) 
Here is how much of TeX's memory you used:
 5851 strings out of 493304
 74696 string characters out of 6139870
 195005 words of memory out of 5000000
 9179 multiletter control sequences out of 15000+600000
 53258 words of font info for 73 fonts, out of 8000000 for 9000
 957 hyphenation exceptions out of 8191
 45i,12n,51p,480b,1176s stack positions out of 5000i,500n,10000p,200000b,80000s
{/usr/share/texlive/texmf-dist/fonts/enc/dvips/base/8r.enc}
</usr/share/texlive/texmf-dist/fonts/type1/public/amsfonts/cm/cmbx9.pfb></usr/s
hare/texlive/texmf-dist/fonts/type1/public/amsfonts/cm/cmr5.pfb></usr/share/tex
live/texmf-dist/fonts/type1/public/amsfonts/cm/cmr9.pfb></usr/share/texlive/tex
mf-dist/fonts/type1/public/amsfonts/cm/cmsy9.pfb></usr/share/texlive/texmf-dist
/fonts/type1/public/amsfonts/cm/cmti9.pfb></usr/share/texlive/texmf-dist/fonts/
type1/public/amsfonts/cm/cmtt8.pfb></usr/share/texlive/texmf-dist/fonts/type1/u
rw/helvetic/uhvb8a.pfb></usr/share/texlive/texmf-dist/fonts/type1/urw/helvetic/
uhvr8a.pfb></usr/share/texlive/texmf-dist/fonts/type1/urw/times/utmb8a.pfb></us
r/share/texlive/texmf-dist/fonts/type1/urw/times/utmri8a.pfb>
Output written on template.pdf (4 pages, 119234 bytes).
PDF statistics:
 58 PDF objects out of 1000 (max. 8388607)
 41 compressed objects within 1 object stream
 0 named destinations out of 1000 (max. 500000)
 1 words of extra memory for PDF output out of 10000 (max. 10000000)

